服务已启动
/login.html
/login.js
/getData
服务已启动
/login.html
/login.js
/getData
服务已启动
/login.html
/login.js
/getData
/favicon.ico
/login.html
/login.js
服务已启动
/login.html
/login.js
/getData
/login.html
/login.js
服务已启动
/login.html
/login.js
/getData
服务已启动
/login.html
/login.js
/getData
服务已启动
/login.html
/login.js
/getData
服务已启动
/login.html
/login.js
/getData
服务已启动
/login.html
/login.html
/favicon.ico
/login
服务已启动
/login.html
/login
服务已启动
/login.html
/login
服务已启动
/login.html
/login
服务已启动
/login.html
/login
服务已启动
/login.html
/login
服务已启动
/login.html
/login
服务已启动
/login.html
/login
服务已启动
/login
服务已启动
/login
服务已启动
/login
/login.html
服务已启动
/login
/login
服务已启动
/login
服务已启动
/login
服务已启动
/login
服务已启动
/login.html
服务已启动
/login
服务已启动
/login.html
/login.html
/login
服务已启动
/login.html
/login
服务已启动
/login.html
/login
/login.html
服务已启动
/login
服务已启动
/login.html
/login
/login.html
服务已启动
/login
服务已启动
/login.html
/login
服务已启动
/login.html
/login
服务已启动
/login.html
/login
/login
/login
服务已启动
服务已启动
/login.html
服务已启动
/login
服务已启动
/login.html
服务已启动
/login
服务已启动
/login
服务已启动
/login
服务已启动
/login.html
服务已启动
/login
服务已启动
服务已启动
/login.html
/login
服务已启动
/login
/login.html
/login
服务已启动
/login
/login.html
/login
服务已启动
/login.html
/login
服务已启动
/login
/login.html
/login
